c:\users\kihey\documents\visual studio 2017\projects\maxheap\maxheap\debug\vc141.pdb
c:\users\kihey\documents\visual studio 2017\projects\maxheap\maxheap\debug\vc141.idb
c:\users\kihey\documents\visual studio 2017\projects\maxheap\maxheap\debug\maxheaptree.obj
c:\users\kihey\documents\visual studio 2017\projects\maxheap\maxheap\debug\node.obj
c:\users\kihey\documents\visual studio 2017\projects\maxheap\maxheap\debug\소스.obj
c:\users\kihey\documents\visual studio 2017\projects\maxheap\debug\maxheap.ilk
c:\users\kihey\documents\visual studio 2017\projects\maxheap\debug\maxheap.exe
c:\users\kihey\documents\visual studio 2017\projects\maxheap\debug\maxheap.pdb
c:\users\kihey\documents\github\stl-container\maxheap\maxheap\debug\maxheaptree.obj
c:\users\kihey\documents\github\stl-container\maxheap\maxheap\debug\node.obj
c:\users\kihey\documents\github\stl-container\maxheap\maxheap\debug\소스.obj
c:\users\kihey\documents\github\stl-container\maxheap\maxheap\debug\maxheaptree.obj.enc
c:\users\kihey\documents\github\stl-container\maxheap\maxheap\debug\vc141.idb
c:\users\kihey\documents\github\stl-container\maxheap\maxheap\debug\vc141.pdb
c:\users\kihey\documents\github\stl-container\maxheap\debug\maxheap.pdb
c:\users\kihey\documents\github\stl-container\maxheap\debug\maxheap.exe
c:\users\kihey\documents\github\stl-container\maxheap\debug\maxheap.ilk
c:\users\kihey\documents\github\stl-container\maxheap\maxheap\debug\maxheap.tlog\cl.command.1.tlog
c:\users\kihey\documents\github\stl-container\maxheap\maxheap\debug\maxheap.tlog\cl.read.1.tlog
c:\users\kihey\documents\github\stl-container\maxheap\maxheap\debug\maxheap.tlog\cl.write.1.tlog
c:\users\kihey\documents\github\stl-container\maxheap\maxheap\debug\maxheap.tlog\link.command.1.tlog
c:\users\kihey\documents\github\stl-container\maxheap\maxheap\debug\maxheap.tlog\link.read.1.tlog
c:\users\kihey\documents\github\stl-container\maxheap\maxheap\debug\maxheap.tlog\link.write.1.tlog
