c:\users\b407_1\documents\visual studio 2015\projects\binarysearchtree\binarysearchtree\debug\vc140.pdb
c:\users\b407_1\documents\visual studio 2015\projects\binarysearchtree\binarysearchtree\debug\vc140.idb
c:\users\b407_1\documents\visual studio 2015\projects\binarysearchtree\binarysearchtree\debug\binarysearchtree.obj
c:\users\b407_1\documents\visual studio 2015\projects\binarysearchtree\binarysearchtree\debug\node.obj
c:\users\b407_1\documents\visual studio 2015\projects\binarysearchtree\binarysearchtree\debug\소스.obj
c:\users\b407_1\documents\visual studio 2015\projects\binarysearchtree\debug\binarysearchtree.ilk
c:\users\b407_1\documents\visual studio 2015\projects\binarysearchtree\debug\binarysearchtree.exe
c:\users\b407_1\documents\visual studio 2015\projects\binarysearchtree\debug\binarysearchtree.pdb
c:\users\b407_1\documents\github\cpp-containers\binarysearchtree\binarysearchtree\debug\binarysearchtree.obj
c:\users\b407_1\documents\github\cpp-containers\binarysearchtree\binarysearchtree\debug\node.obj
c:\users\b407_1\documents\github\cpp-containers\binarysearchtree\binarysearchtree\debug\소스.obj
c:\users\b407_1\documents\github\cpp-containers\binarysearchtree\binarysearchtree\debug\vc140.idb
c:\users\b407_1\documents\github\cpp-containers\binarysearchtree\binarysearchtree\debug\vc140.pdb
c:\users\b407_1\documents\github\cpp-containers\binarysearchtree\debug\binarysearchtree.pdb
c:\users\b407_1\documents\github\cpp-containers\binarysearchtree\debug\binarysearchtree.exe
c:\users\b407_1\documents\github\cpp-containers\binarysearchtree\debug\binarysearchtree.ilk
c:\users\b407_1\documents\github\cpp-containers\binarysearchtree\binarysearchtree\debug\binarysearchtree.tlog\cl.command.1.tlog
c:\users\b407_1\documents\github\cpp-containers\binarysearchtree\binarysearchtree\debug\binarysearchtree.tlog\cl.read.1.tlog
c:\users\b407_1\documents\github\cpp-containers\binarysearchtree\binarysearchtree\debug\binarysearchtree.tlog\cl.write.1.tlog
c:\users\b407_1\documents\github\cpp-containers\binarysearchtree\binarysearchtree\debug\binarysearchtree.tlog\link.command.1.tlog
c:\users\b407_1\documents\github\cpp-containers\binarysearchtree\binarysearchtree\debug\binarysearchtree.tlog\link.read.1.tlog
c:\users\b407_1\documents\github\cpp-containers\binarysearchtree\binarysearchtree\debug\binarysearchtree.tlog\link.write.1.tlog
