c:\users\kihey\documents\visual studio 2017\projects\circularqueue\circularqueue\debug\vc141.pdb
c:\users\kihey\documents\visual studio 2017\projects\circularqueue\circularqueue\debug\vc141.idb
c:\users\kihey\documents\visual studio 2017\projects\circularqueue\circularqueue\debug\circularqueue.obj
c:\users\kihey\documents\visual studio 2017\projects\circularqueue\circularqueue\debug\소스.obj
c:\users\kihey\documents\visual studio 2017\projects\circularqueue\debug\circularqueue.ilk
c:\users\kihey\documents\visual studio 2017\projects\circularqueue\debug\circularqueue.exe
c:\users\kihey\documents\visual studio 2017\projects\circularqueue\debug\circularqueue.pdb
c:\users\kihey\documents\github\stl-container\circularqueue\circularqueue\debug\circularqueue.obj
c:\users\kihey\documents\github\stl-container\circularqueue\circularqueue\debug\소스.obj
c:\users\kihey\documents\github\stl-container\circularqueue\circularqueue\debug\vc141.idb
c:\users\kihey\documents\github\stl-container\circularqueue\circularqueue\debug\vc141.pdb
c:\users\kihey\documents\github\stl-container\circularqueue\debug\circularqueue.pdb
c:\users\kihey\documents\github\stl-container\circularqueue\debug\circularqueue.exe
c:\users\kihey\documents\github\stl-container\circularqueue\debug\circularqueue.ilk
c:\users\kihey\documents\github\stl-container\circularqueue\circularqueue\debug\circularqueue.tlog\cl.command.1.tlog
c:\users\kihey\documents\github\stl-container\circularqueue\circularqueue\debug\circularqueue.tlog\cl.read.1.tlog
c:\users\kihey\documents\github\stl-container\circularqueue\circularqueue\debug\circularqueue.tlog\cl.write.1.tlog
c:\users\kihey\documents\github\stl-container\circularqueue\circularqueue\debug\circularqueue.tlog\link.command.1.tlog
c:\users\kihey\documents\github\stl-container\circularqueue\circularqueue\debug\circularqueue.tlog\link.read.1.tlog
c:\users\kihey\documents\github\stl-container\circularqueue\circularqueue\debug\circularqueue.tlog\link.write.1.tlog
