c:\users\dripb\documents\visual studio 2015\projects\container\deque\debug\vc140.pdb
c:\users\dripb\documents\visual studio 2015\projects\container\deque\debug\vc140.idb
c:\users\dripb\documents\visual studio 2015\projects\container\deque\debug\deque.obj
c:\users\dripb\documents\visual studio 2015\projects\container\deque\debug\iterator.obj
c:\users\dripb\documents\visual studio 2015\projects\container\deque\debug\node.obj
c:\users\dripb\documents\visual studio 2015\projects\container\deque\debug\소스.obj
c:\users\dripb\documents\visual studio 2015\projects\container\deque\debug\reverse_iterator.obj
c:\users\dripb\documents\visual studio 2015\projects\container\debug\deque.ilk
c:\users\dripb\documents\visual studio 2015\projects\container\debug\deque.exe
c:\users\dripb\documents\visual studio 2015\projects\container\debug\deque.pdb
c:\users\kihey\documents\github\stl-container\container\deque\debug\deque.obj
c:\users\kihey\documents\github\stl-container\container\deque\debug\iterator.obj
c:\users\kihey\documents\github\stl-container\container\deque\debug\node.obj
c:\users\kihey\documents\github\stl-container\container\deque\debug\reverse_iterator.obj
c:\users\kihey\documents\github\stl-container\container\deque\debug\소스.obj
c:\users\kihey\documents\github\stl-container\container\deque\debug\vc140.idb
c:\users\kihey\documents\github\stl-container\container\deque\debug\vc140.pdb
c:\users\kihey\documents\github\stl-container\container\debug\deque.pdb
c:\users\kihey\documents\github\stl-container\container\debug\deque.exe
c:\users\kihey\documents\github\stl-container\container\debug\deque.ilk
c:\users\kihey\documents\github\stl-container\container\deque\debug\deque.tlog\cl.command.1.tlog
c:\users\kihey\documents\github\stl-container\container\deque\debug\deque.tlog\cl.read.1.tlog
c:\users\kihey\documents\github\stl-container\container\deque\debug\deque.tlog\cl.write.1.tlog
c:\users\kihey\documents\github\stl-container\container\deque\debug\deque.tlog\link.command.1.tlog
c:\users\kihey\documents\github\stl-container\container\deque\debug\deque.tlog\link.read.1.tlog
c:\users\kihey\documents\github\stl-container\container\deque\debug\deque.tlog\link.write.1.tlog
