  소스.cpp
c:\users\kihey\documents\github\stl-container\container\queue\node.h(5): error C2059: 구문 오류: 'template'
c:\users\kihey\documents\github\stl-container\container\queue\node.h(32): error C2913: 명시적 특수화. 'Node'이(가) 클래스 템플릿의 특수화가 아닙니다.
c:\users\kihey\documents\github\stl-container\container\queue\node.h(34): error C2059: 구문 오류: 'template'
c:\users\kihey\documents\github\stl-container\container\queue\node.h(35): error C2065: 'T': 선언되지 않은 식별자입니다.
c:\users\kihey\documents\github\stl-container\container\queue\node.h(35): error C2027: 정의되지 않은 형식 'Node'을(를) 사용했습니다.
  c:\users\kihey\documents\github\stl-container\container\queue\node.h(7): note: 'Node' 선언을 참조하십시오.
c:\users\kihey\documents\github\stl-container\container\queue\node.h(35): error C4430: 형식 지정자가 없습니다. int로 가정합니다. 참고: C++에서는 기본 int를 지원하지 않습니다.
c:\users\kihey\documents\github\stl-container\container\queue\node.h(35): error C2912: 명시적 특수화. 'int {ctor}(void)'이(가) 함수 템플릿의 특수화가 아닙니다.
c:\users\kihey\documents\github\stl-container\container\queue\node.h(35): error C2550: '{ctor}': 생성자 이니셜라이저 목록은 생성자 정의에만 사용할 수 있습니다.
c:\users\kihey\documents\github\stl-container\container\queue\node.h(35): warning C4508: '{ctor}': 함수는 값을 반환해야 하므로 'void' 반환 형식으로 간주됩니다.
c:\users\kihey\documents\github\stl-container\container\queue\node.h(37): error C2059: 구문 오류: 'template'
c:\users\kihey\documents\github\stl-container\container\queue\node.h(38): error C2065: 'T': 선언되지 않은 식별자입니다.
c:\users\kihey\documents\github\stl-container\container\queue\node.h(38): error C2027: 정의되지 않은 형식 'Node'을(를) 사용했습니다.
  c:\users\kihey\documents\github\stl-container\container\queue\node.h(7): note: 'Node' 선언을 참조하십시오.
c:\users\kihey\documents\github\stl-container\container\queue\node.h(38): error C4430: 형식 지정자가 없습니다. int로 가정합니다. 참고: C++에서는 기본 int를 지원하지 않습니다.
c:\users\kihey\documents\github\stl-container\container\queue\node.h(38): error C2912: 명시적 특수화. 'int {ctor}(const Node &)'이(가) 함수 템플릿의 특수화가 아닙니다.
c:\users\kihey\documents\github\stl-container\container\queue\node.h(38): error C2355: 'this': 비정적 멤버 함수 또는 비정적 데이터 멤버 이니셜라이저 안에서만 참조할 수 있습니다.
c:\users\kihey\documents\github\stl-container\container\queue\node.h(38): warning C4508: '{ctor}': 함수는 값을 반환해야 하므로 'void' 반환 형식으로 간주됩니다.
c:\users\kihey\documents\github\stl-container\container\queue\node.h(40): error C2059: 구문 오류: 'template'
c:\users\kihey\documents\github\stl-container\container\queue\node.h(41): error C2065: 'T': 선언되지 않은 식별자입니다.
c:\users\kihey\documents\github\stl-container\container\queue\node.h(41): error C2027: 정의되지 않은 형식 'Node'을(를) 사용했습니다.
  c:\users\kihey\documents\github\stl-container\container\queue\node.h(7): note: 'Node' 선언을 참조하십시오.
c:\users\kihey\documents\github\stl-container\container\queue\node.h(41): fatal error C1903: 이전 오류를 복구할 수 없습니다. 컴파일이 중지됩니다.
  'C:\Program Files (x86)\Microsoft Visual Studio\2017\Community\VC\Tools\MSVC\14.10.25017\bin\HostX86\x86\CL.exe'에서 내부 컴파일러 오류
      자세한 내용을 보려면 Visual C++ [도움말] 메뉴에서
   [기술 지원] 명령을 선택하거나 기술 지원 도움말 파일을 참조하십시오.
